0 info it worked if it ends with ok
1 verbose cli [ '/usr/local/bin/node',
1 verbose cli   '/usr/local/bin/npm',
1 verbose cli   'run',
1 verbose cli   'tests:features' ]
2 info using npm@3.10.10
3 info using node@v6.9.4
4 verbose run-script [ 'pretests:features', 'tests:features', 'posttests:features' ]
5 info lifecycle cucumber_test_concept@1.0.0~pretests:features: cucumber_test_concept@1.0.0
6 silly lifecycle cucumber_test_concept@1.0.0~pretests:features: no script for pretests:features, continuing
7 info lifecycle cucumber_test_concept@1.0.0~tests:features: cucumber_test_concept@1.0.0
8 verbose lifecycle cucumber_test_concept@1.0.0~tests:features: unsafe-perm in lifecycle true
9 verbose lifecycle cucumber_test_concept@1.0.0~tests:features: PATH: /usr/local/lib/node_modules/npm/bin/node-gyp-bin:/Users/Carola/git/cucumber_concept/node_modules/.bin:/usr/bin:/bin:/usr/sbin:/sbin:/usr/local/bin
10 verbose lifecycle cucumber_test_concept@1.0.0~tests:features: CWD: /Users/Carola/git/cucumber_concept
11 silly lifecycle cucumber_test_concept@1.0.0~tests:features: Args: [ '-c', 'cucumber-js ./tests/features' ]
12 silly lifecycle cucumber_test_concept@1.0.0~tests:features: Returned: code: 1  signal: null
13 info lifecycle cucumber_test_concept@1.0.0~tests:features: Failed to exec tests:features script
14 verbose stack Error: cucumber_test_concept@1.0.0 tests:features: `cucumber-js ./tests/features`
14 verbose stack Exit status 1
14 verbose stack     at EventEmitter.<anonymous> (/usr/local/lib/node_modules/npm/lib/utils/lifecycle.js:255:16)
14 verbose stack     at emitTwo (events.js:106:13)
14 verbose stack     at EventEmitter.emit (events.js:191:7)
14 verbose stack     at ChildProcess.<anonymous> (/usr/local/lib/node_modules/npm/lib/utils/spawn.js:40:14)
14 verbose stack     at emitTwo (events.js:106:13)
14 verbose stack     at ChildProcess.emit (events.js:191:7)
14 verbose stack     at maybeClose (internal/child_process.js:877:16)
14 verbose stack     at Process.ChildProcess._handle.onexit (internal/child_process.js:226:5)
15 verbose pkgid cucumber_test_concept@1.0.0
16 verbose cwd /Users/Carola/git/cucumber_concept
17 error Darwin 15.6.0
18 error argv "/usr/local/bin/node" "/usr/local/bin/npm" "run" "tests:features"
19 error node v6.9.4
20 error npm  v3.10.10
21 error code ELIFECYCLE
22 error cucumber_test_concept@1.0.0 tests:features: `cucumber-js ./tests/features`
22 error Exit status 1
23 error Failed at the cucumber_test_concept@1.0.0 tests:features script 'cucumber-js ./tests/features'.
23 error Make sure you have the latest version of node.js and npm installed.
23 error If you do, this is most likely a problem with the cucumber_test_concept package,
23 error not with npm itself.
23 error Tell the author that this fails on your system:
23 error     cucumber-js ./tests/features
23 error You can get information on how to open an issue for this project with:
23 error     npm bugs cucumber_test_concept
23 error Or if that isn't available, you can get their info via:
23 error     npm owner ls cucumber_test_concept
23 error There is likely additional logging output above.
24 verbose exit [ 1, true ]
